2025-11-02 20:35:33,510 | ERROR | root | Unhandled exception
Traceback (most recent call last):
  File "C:\Users\Bhavya Parmar\OneDrive\Documents\OS Project\typemaster os project\ui\main_window.py", line 184, in _open_theme_editor
    dlg = ThemeEditor(theme, self)
          ^^^^^^^^^^^^^^^^^^^^^^^^
  File "C:\Users\Bhavya Parmar\OneDrive\Documents\OS Project\typemaster os project\ui\theme_editor.py", line 26, in __init__
    "bg": theme.bg,
          ^^^^^^^^
AttributeError: 'Theme' object has no attribute 'bg'
2025-11-02 21:11:38,370 | ERROR | root | Unhandled exception
Traceback (most recent call last):
  File "C:\Users\Bhavya Parmar\OneDrive\Documents\OS Project\typemaster os project\ui\main_window.py", line 224, in _open_session
    text = self._assemble_text(cfg["source"])
           ^^^^^^^^^^^^^^^^^^^^^^^^^^^^^^^^^^
  File "C:\Users\Bhavya Parmar\OneDrive\Documents\OS Project\typemaster os project\ui\main_window.py", line 294, in _assemble_text
    return self._filter(text, inc_punc, inc_nums)
                              ^^^^^^^^
NameError: name 'inc_punc' is not defined
2025-11-03 12:46:33,176 | ERROR | root | Unhandled exception
Traceback (most recent call last):
  File "C:\Users\dilip\Desktop\typingmaster\ui\test_ui.py", line 216, in refresh_metrics
    def refresh_metrics(self):
    
KeyboardInterrupt
2025-11-03 13:33:59,383 | ERROR | root | Unhandled exception
Traceback (most recent call last):
  File "C:\Users\Bhavya Parmar\OneDrive\Documents\OS Project\typemaster os project\main.py", line 63, in <module>
    sys.exit(main())
             ^^^^^^
  File "C:\Users\Bhavya Parmar\OneDrive\Documents\OS Project\typemaster os project\main.py", line 56, in main
    win = MainWindow()
          ^^^^^^^^^^^^
  File "C:\Users\Bhavya Parmar\OneDrive\Documents\OS Project\typemaster os project\ui\main_window.py", line 35, in __init__
    self._build_top_bar(root_v)
  File "C:\Users\Bhavya Parmar\OneDrive\Documents\OS Project\typemaster os project\ui\main_window.py", line 94, in _build_top_bar
    btn_load.clicked.connect(self._on_load)
                             ^^^^^^^^^^^^^
AttributeError: 'MainWindow' object has no attribute '_on_load'
2025-11-03 19:15:55,309 | ERROR | root | Unhandled exception
Traceback (most recent call last):
  File "C:\Users\Bhavya Parmar\OneDrive\Documents\OS Project\typemaster os project\ui\test_ui.py", line 368, in keyPressEvent
    if self.timer.is_paused():
       ^^^^^^^^^^^^^^^^^^^^
AttributeError: 'RealtimeTimer' object has no attribute 'is_paused'
2025-11-04 01:40:49,299 | ERROR | root | Unhandled exception
Traceback (most recent call last):
  File "C:\Users\Bhavya Parmar\OneDrive\Documents\OS Project\typemaster os project\main.py", line 63, in <module>
    sys.exit(main())
             ^^^^^^
  File "C:\Users\Bhavya Parmar\OneDrive\Documents\OS Project\typemaster os project\main.py", line 56, in main
    win = MainWindow()
          ^^^^^^^^^^^^
  File "C:\Users\Bhavya Parmar\OneDrive\Documents\OS Project\typemaster os project\ui\main_window.py", line 40, in __init__
    self.test.set_text(paragraph_text)
  File "C:\Users\Bhavya Parmar\OneDrive\Documents\OS Project\typemaster os project\ui\test_ui.py", line 224, in set_text
    self._render_line()
  File "C:\Users\Bhavya Parmar\OneDrive\Documents\OS Project\typemaster os project\ui\test_ui.py", line 412, in _render_line
    for idx, ch in enumerate(display):
                             ^^^^^^^
NameError: name 'display' is not defined
2025-11-04 09:35:12,308 | ERROR | root | Unhandled exception
Traceback (most recent call last):
  File "C:\Users\Bhavya Parmar\OneDrive\Desktop\typemaster\ui\test_ui.py", line 308, in refresh_metrics
    def refresh_metrics(self):
    
KeyboardInterrupt
2025-11-04 09:35:12,533 | ERROR | root | Unhandled exception
Traceback (most recent call last):
  File "C:\Users\Bhavya Parmar\OneDrive\Desktop\typemaster\core\chrono.py", line 56, in _on_tick
    def _on_tick(self):
    
KeyboardInterrupt
2025-11-04 09:35:13,228 | ERROR | root | Unhandled exception
Traceback (most recent call last):
  File "C:\Users\Bhavya Parmar\OneDrive\Desktop\typemaster\ui\test_ui.py", line 316, in _toggle_caret
    def _toggle_caret(self):
    
KeyboardInterrupt
2025-11-04 09:35:14,255 | ERROR | root | Unhandled exception
Traceback (most recent call last):
  File "C:\Users\Bhavya Parmar\OneDrive\Desktop\typemaster\ui\widgets\code_block.py", line 58, in _blink_caret
    def _blink_caret(self):
    
KeyboardInterrupt
